16:45:58 **** Build of configuration Release for project trans ****
make all 
Building file: ../main.c
Invoking: AVR Compiler
avr-gcc -Wall -Os -fpack-struct -fshort-enums -std=gnu99 -funsigned-char -funsigned-bitfields -mmcu=atmega8 -DF_CPU=1000000UL -MMD -MP -MF"main.d" -MT"main.d" -c -o "main.o" "../main.c"
Finished building: ../main.c
 
Building target: trans.elf
Invoking: AVR C Linker
avr-gcc -Wl,-Map,trans.map -mmcu=atmega8 -o "trans.elf"  ./main.o   
Finished building target: trans.elf
 
Invoking: AVR Create Extended Listing
avr-objdump -h -S trans.elf  >"trans.lss"
Finished building: trans.lss
 
Create Flash image (ihex format)
avr-objcopy -R .eeprom -O ihex trans.elf  "trans.hex"
Finished building: trans.hex
 
Create eeprom image (ihex format)
avr-objcopy -j .eeprom --no-change-warnings --change-section-lma .eeprom=0 -O ihex trans.elf  "trans.eep"
Finished building: trans.eep
 
Invoking: Print Size
avr-size --format=avr --mcu=atmega8 trans.elf
AVR Memory Usage
----------------
Device: atmega8

Program:      62 bytes (0.8% Full)
(.text + .data + .bootloader)

Data:          0 bytes (0.0% Full)
(.data + .bss + .noinit)


Finished building: sizedummy
 
17:00:51 **** Incremental Build of configuration Release for project trans ****
make all 
Invoking: Print Size
avr-size --format=avr --mcu=atmega8 trans.elf
AVR Memory Usage
----------------
Device: atmega8

Program:      62 bytes (0.8% Full)
(.text + .data + .bootloader)

Data:          0 bytes (0.0% Full)
(.data + .bss + .noinit)


Finished building: sizedummy
 
