21:14:11 **** Incremental Build of configuration Debug for project master ****
make all 
Building file: ../communication.c
Invoking: AVR Compiler
avr-gcc -Wall -g2 -gstabs -O0 -fpack-struct -fshort-enums -std=gnu99 -funsigned-char -funsigned-bitfields -mmcu=atmega8 -DF_CPU=1000000UL -MMD -MP -MF"communication.d" -MT"communication.d" -c -o "communication.o" "../communication.c"
In file included from ../communication.c:10:
c:/winavr-20100110/lib/gcc/../../avr/include/util/delay.h:90:3: warning: #warning "Compiler optimizations disabled; functions from <util/delay.h> won't work as designed"
Finished building: ../communication.c
 
Building target: master.elf
Invoking: AVR C Linker
avr-gcc -Wl,-Map,master.map -mmcu=atmega8 -o "master.elf"  ./communication.o ./init.o ./main.o   
Finished building target: master.elf
 
Invoking: AVR Create Extended Listing
avr-objdump -h -S master.elf  >"master.lss"
Finished building: master.lss
 
Create Flash image (ihex format)
avr-objcopy -R .eeprom -O ihex master.elf  "master.hex"
Finished building: master.hex
 
Invoking: Print Size
avr-size --format=avr --mcu=atmega8 master.elf
AVR Memory Usage
----------------
Device: atmega8

Program:    5754 bytes (70.2% Full)
(.text + .data + .bootloader)

Data:         11 bytes (1.1% Full)
(.data + .bss + .noinit)


Finished building: sizedummy
 

21:14:12 Build Finished (took 942ms)

