15:02:46 **** Incremental Build of configuration Debug for project Slave ****
make all 
Building file: ../main.c
Invoking: AVR Compiler
avr-gcc -Wall -g2 -gstabs -O1 -fpack-struct -fshort-enums -std=gnu99 -funsigned-char -funsigned-bitfields -mmcu=atmega8 -DF_CPU=4000000UL -MMD -MP -MF"main.d" -MT"main.d" -c -o "main.o" "../main.c"
Finished building: ../main.c
 
Building target: Slave.elf
Invoking: AVR C Linker
avr-gcc -Wl,-Map,Slave.map -mmcu=atmega8 -o "Slave.elf"  ./.metadata/.plugins/org.eclipse.cdt.make.core/specs.o  ./RFM69.o ./communication.o ./init.o ./main.o   
Finished building target: Slave.elf
 
Invoking: AVR Create Extended Listing
avr-objdump -h -S Slave.elf  >"Slave.lss"
Finished building: Slave.lss
 
Create Flash image (ihex format)
avr-objcopy -R .eeprom -O ihex Slave.elf  "Slave.hex"
Finished building: Slave.hex
 
Invoking: Print Size
avr-size --format=avr --mcu=atmega8 Slave.elf
AVR Memory Usage
----------------
Device: atmega8

Program:    2900 bytes (35.4% Full)
(.text + .data + .bootloader)

Data:        147 bytes (14.4% Full)
(.data + .bss + .noinit)


Finished building: sizedummy
 

15:02:47 Build Finished (took 780ms)

